{"name": "test_41['EDGE','CHROME']", "status": "failed", "statusDetails": {"message": "AssertionError: assert False", "trace": "self = <nopcommerce.tests.test_demo1.TestDemo1 object at 0x000001EB4A11B560>\n\n    def test_41(self):\n        self.a.info('--------TC 41 Starts ------------')\n        self.driver.get('https://www.amazon.com')\n>       assert False\nE       assert False\n\ntests\\test_demo1.py:27: AssertionError"}, "attachments": [{"name": "log", "source": "0489a9c5-70a1-4b1a-96af-57ea7950782c-attachment.txt", "type": "text/plain"}], "parameters": [{"name": "setup_teardown", "value": "''EDGE','CHROME''"}], "start": 1715622084948, "stop": 1715622087139, "uuid": "7ec18624-b949-4214-a199-95514e073250", "historyId": "74af59e2263b42e0f397209625bc0849", "testCaseId": "33de2e373887b4f247c331912253a83f", "fullName": "tests.test_demo1.TestDemo1#test_41", "labels": [{"name": "parentSuite", "value": "tests"}, {"name": "suite", "value": "test_demo1"}, {"name": "subSuite", "value": "TestDemo1"}, {"name": "host", "value": "Hare_Krishna"}, {"name": "thread", "value": "12060-MainThread"}, {"name": "framework", "value": "pytest"}, {"name": "language", "value": "cpython3"}, {"name": "package", "value": "tests.test_demo1"}]}