{"name": "test_2['EDGE','CHROME']", "status": "failed", "statusDetails": {"message": "AssertionError: assert 2 == 4", "trace": "self = <nopcommerce.tests.test_demo.TestDemo object at 0x000001B3DE301850>\n\n    @pytest.mark.suman\n    def test_2(self):\n        self.a.info('--------TC 2 Starts ------------')\n        self.driver.get('https://sanatanisankha.blogspot.com/')\n        self.a.info('--------TC 2 Executing ------------')\n>       assert 2 == 4\nE       assert 2 == 4\n\ntests\\test_demo.py:22: AssertionError"}, "attachments": [{"name": "log", "source": "b2e02b5c-f947-4790-8860-667e33811bee-attachment.txt", "type": "text/plain"}], "parameters": [{"name": "setup_teardown", "value": "''EDGE','CHROME''"}], "start": 1715622090979, "stop": 1715622096087, "uuid": "5bf1e2ab-01bf-4728-ae69-71cb73f1f013", "historyId": "9b036795df6345b6207b1cb5bfb684a0", "testCaseId": "7572d68fe8b6ead7a3d9a145f34788de", "fullName": "tests.test_demo.TestDemo#test_2", "labels": [{"name": "tag", "value": "suman"}, {"name": "parentSuite", "value": "tests"}, {"name": "suite", "value": "test_demo"}, {"name": "subSuite", "value": "TestDemo"}, {"name": "host", "value": "Hare_Krishna"}, {"name": "thread", "value": "9388-MainThread"}, {"name": "framework", "value": "pytest"}, {"name": "language", "value": "cpython3"}, {"name": "package", "value": "tests.test_demo"}]}